[debug] [2023-11-30T02:43:33.190Z] ----------------------------------------------------------------------
[debug] [2023-11-30T02:43:33.192Z] Command:       C:\Program Files\nodejs\node.exe C:\Users\victo\AppData\Roaming\npm\node_modules\firebase-tools\lib\bin\firebase.js init
[debug] [2023-11-30T02:43:33.192Z] CLI Version:   12.9.1
[debug] [2023-11-30T02:43:33.192Z] Platform:      win32
[debug] [2023-11-30T02:43:33.193Z] Node Version:  v18.17.1
[debug] [2023-11-30T02:43:33.194Z] Time:          Wed Nov 29 2023 23:43:33 GMT-0300 (hora de verano de Chile)
[debug] [2023-11-30T02:43:33.194Z] ----------------------------------------------------------------------
[debug] 
[debug] [2023-11-30T02:43:33.200Z] > command requires scopes: ["email","openid","https://www.googleapis.com/auth/cloudplatformprojects.readonly","https://www.googleapis.com/auth/firebase","https://www.googleapis.com/auth/cloud-platform"]
[debug] [2023-11-30T02:43:33.200Z] > authorizing via signed-in user (v.rosendo@profesor.duoc.cl)
[info] 
     ######## #### ########  ######## ########     ###     ######  ########
     ##        ##  ##     ## ##       ##     ##  ##   ##  ##       ##
     ######    ##  ########  ######   ########  #########  ######  ######
     ##        ##  ##    ##  ##       ##     ## ##     ##       ## ##
     ##       #### ##     ## ######## ########  ##     ##  ######  ########

You're about to initialize a Firebase project in this directory:

  E:\Escritorio\AppWeb

[info] 
=== Project Setup
[info] 
[info] First, let's associate this project directory with a Firebase project.
[info] You can create multiple project aliases by running firebase use --add, 
[info] but for now we'll just set up a default project.
[info] 
[debug] [2023-11-30T02:44:24.828Z] >>> [apiv2][query] GET https://firebase.googleapis.com/v1beta1/projects pageSize=100
[debug] [2023-11-30T02:44:25.389Z] <<< [apiv2][status] GET https://firebase.googleapis.com/v1beta1/projects 200
[debug] [2023-11-30T02:44:25.389Z] <<< [apiv2][body] GET https://firebase.googleapis.com/v1beta1/projects [omitted]
[info] i  Using project angular-app-3f094 (Angular App) 
[info] 
=== Hosting Setup
[debug] [2023-11-30T02:44:27.746Z] >>> [apiv2][query] GET https://firebase.googleapis.com/v1beta1/projects/angular-app-3f094 [none]
[debug] [2023-11-30T02:44:28.039Z] <<< [apiv2][status] GET https://firebase.googleapis.com/v1beta1/projects/angular-app-3f094 200
[debug] [2023-11-30T02:44:28.040Z] <<< [apiv2][body] GET https://firebase.googleapis.com/v1beta1/projects/angular-app-3f094 {"projectId":"angular-app-3f094","projectNumber":"421269107572","displayName":"Angular App","name":"projects/angular-app-3f094","resources":{"hostingSite":"angular-app-3f094","storageBucket":"angular-app-3f094.appspot.com","locationId":"us-central"},"state":"ACTIVE","etag":"1_3b5898e1-fa76-470b-849d-2b8b99a5b86f"}
[info] 
[info] Your public directory is the folder (relative to your project directory) that
[info] will contain Hosting assets to be uploaded with firebase deploy. If you
[info] have a build process for your assets, use your build's output directory.
[info] 
[debug] [2023-11-30T02:44:44.512Z] >>> [apiv2][query] GET https://www.gstatic.com/firebasejs/releases.json [none]
[debug] [2023-11-30T02:44:44.536Z] <<< [apiv2][status] GET https://www.gstatic.com/firebasejs/releases.json 200
[debug] [2023-11-30T02:44:44.536Z] <<< [apiv2][body] GET https://www.gstatic.com/firebasejs/releases.json {"current":{"version":"10.7.0","browserURL":"https://www.gstatic.com/firebasejs/10.7.0/firebase.js","packageURL":"https://www.gstatic.com/firebasejs/10.7.0/firebase.tgz"},"live":{"version":"10.7","browserURL":"https://www.gstatic.com/firebasejs/live/10.7/firebase.js","packageURL":"https://www.gstatic.com/firebasejs/live/10.7/firebase.tgz"},"components":{"analytics":"https://www.gstatic.com/firebasejs/10.7.0/firebase-analytics.js","app":"https://www.gstatic.com/firebasejs/10.7.0/firebase-app.js","app-check":"https://www.gstatic.com/firebasejs/10.7.0/firebase-app-check.js","auth":"https://www.gstatic.com/firebasejs/10.7.0/firebase-auth.js","auth/cordova":"https://www.gstatic.com/firebasejs/10.7.0/firebase-auth/cordova.js","functions":"https://www.gstatic.com/firebasejs/10.7.0/firebase-functions.js","firestore":"https://www.gstatic.com/firebasejs/10.7.0/firebase-firestore.js","firestore/lite":"https://www.gstatic.com/firebasejs/10.7.0/firebase-firestore/lite.js","installations":"https://www.gstatic.com/firebasejs/10.7.0/firebase-installations.js","storage":"https://www.gstatic.com/firebasejs/10.7.0/firebase-storage.js","performance":"https://www.gstatic.com/firebasejs/10.7.0/firebase-performance.js","remote-config":"https://www.gstatic.com/firebasejs/10.7.0/firebase-remote-config.js","messaging":"https://www.gstatic.com/firebasejs/10.7.0/firebase-messaging.js","messaging/sw":"https://www.gstatic.com/firebasejs/10.7.0/firebase-messaging/sw.js","database":"https://www.gstatic.com/firebasejs/10.7.0/firebase-database.js","firestore.memory":"https://www.gstatic.com/firebasejs/10.7.0/firebase-firestore.memory.js"}}
[info] +  Wrote y/index.html 
[info] 
[info] i  Detected a .git folder at E:\Escritorio\AppWeb 
[info] i  Authorizing with GitHub to upload your service account to a GitHub repository's secrets store. 
[info] 
[info] Visit this URL on this device to log in:
[info] https://github.com/login/oauth/authorize?client_id=89cf50f02ac6aaed3484&state=957975311&redirect_uri=http%3A%2F%2Flocalhost%3A9005&scope=read%3Auser%20repo%20public_repo
[info] 
[info] Waiting for authentication...
[debug] [2023-11-30T02:44:49.713Z] >>> [apiv2][query] POST https://github.com/login/oauth/access_token [none]
[debug] [2023-11-30T02:44:49.713Z] >>> [apiv2][body] POST https://github.com/login/oauth/access_token [stream]
[debug] [2023-11-30T02:44:50.118Z] <<< [apiv2][status] POST https://github.com/login/oauth/access_token 200
[debug] [2023-11-30T02:44:50.118Z] <<< [apiv2][body] POST https://github.com/login/oauth/access_token {"access_token":"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","token_type":"bearer","scope":"read:user,repo"}
[debug] [2023-11-30T02:44:50.121Z] >>> [apiv2][query] GET https://api.github.com/user [none]
[debug] [2023-11-30T02:44:50.499Z] <<< [apiv2][status] GET https://api.github.com/user 200
[debug] [2023-11-30T02:44:50.499Z] <<< [apiv2][body] GET https://api.github.com/user {"login":"victorrosendo","id":72223401,"node_id":"MDQ6VXNlcjcyMjIzNDAx","avatar_url":"https://avatars.githubusercontent.com/u/72223401?v=4","gravatar_id":"","url":"https://api.github.com/users/victorrosendo","html_url":"https://github.com/victorrosendo","followers_url":"https://api.github.com/users/victorrosendo/followers","following_url":"https://api.github.com/users/victorrosendo/following{/other_user}","gists_url":"https://api.github.com/users/victorrosendo/gists{/gist_id}","starred_url":"https://api.github.com/users/victorrosendo/starred{/owner}{/repo}","subscriptions_url":"https://api.github.com/users/victorrosendo/subscriptions","organizations_url":"https://api.github.com/users/victorrosendo/orgs","repos_url":"https://api.github.com/users/victorrosendo/repos","events_url":"https://api.github.com/users/victorrosendo/events{/privacy}","received_events_url":"https://api.github.com/users/victorrosendo/received_events","type":"User","site_admin":false,"name":null,"company":null,"blog":"","location":null,"email":null,"hireable":null,"bio":null,"twitter_username":null,"public_repos":28,"public_gists":0,"followers":0,"following":0,"created_at":"2020-10-01T18:05:07Z","updated_at":"2023-11-25T21:31:53Z","private_gists":0,"total_private_repos":1,"owned_private_repos":1,"disk_usage":102864,"collaborators":0,"two_factor_authentication":false,"plan":{"name":"free","space":976562499,"collaborators":0,"private_repos":10000}}
[info] 
[info] +  Success! Logged into GitHub as victorrosendo 
[info] 
[debug] [2023-11-30T02:44:57.138Z] >>> [apiv2][query] GET https://api.github.com/repos/y/actions/secrets/public-key type=owner
[debug] [2023-11-30T02:44:57.453Z] <<< [apiv2][status] GET https://api.github.com/repos/y/actions/secrets/public-key 404
[debug] [2023-11-30T02:44:57.453Z] <<< [apiv2][body] GET https://api.github.com/repos/y/actions/secrets/public-key {"message":"Not Found","documentation_url":"https://docs.github.com/rest"}
[info] 
[info] 
[error] !  The provided authorization cannot be used with this repository. If this repository is in an organization, did you remember to grant access? 
[info] 
[info] i  Action required: Visit this URL to ensure access has been granted to the appropriate organization(s) for the Firebase CLI GitHub OAuth App: 
[info] https://github.com/settings/connections/applications/89cf50f02ac6aaed3484
[info] 
[debug] [2023-11-30T02:45:06.730Z] >>> [apiv2][query] GET https://api.github.com/repos/repository/actions/secrets/public-key type=owner
[debug] [2023-11-30T02:45:07.057Z] <<< [apiv2][status] GET https://api.github.com/repos/repository/actions/secrets/public-key 404
[debug] [2023-11-30T02:45:07.058Z] <<< [apiv2][body] GET https://api.github.com/repos/repository/actions/secrets/public-key {"message":"Not Found","documentation_url":"https://docs.github.com/rest"}
[info] 
[info] 
[error] !  The provided authorization cannot be used with this repository. If this repository is in an organization, did you remember to grant access? 
[info] 
[info] i  Action required: Visit this URL to ensure access has been granted to the appropriate organization(s) for the Firebase CLI GitHub OAuth App: 
[info] https://github.com/settings/connections/applications/89cf50f02ac6aaed3484
[info] 
[debug] [2023-11-30T02:45:21.135Z] >>> [apiv2][query] GET https://api.github.com/repos//actions/secrets/public-key type=owner
[debug] [2023-11-30T02:45:21.447Z] <<< [apiv2][status] GET https://api.github.com/repos//actions/secrets/public-key 404
[debug] [2023-11-30T02:45:21.447Z] <<< [apiv2][body] GET https://api.github.com/repos//actions/secrets/public-key {"message":"Not Found","documentation_url":"https://docs.github.com/rest"}
[info] 
[info] 
[error] !  The provided authorization cannot be used with this repository. If this repository is in an organization, did you remember to grant access? 
[info] 
[info] i  Action required: Visit this URL to ensure access has been granted to the appropriate organization(s) for the Firebase CLI GitHub OAuth App: 
[info] https://github.com/settings/connections/applications/89cf50f02ac6aaed3484
[info] 
